

Started GET "/" for ::1 at 2015-06-02 09:02:13 +0200
Processing by Rails::WelcomeController#index as HTML
  Rendered C:/Ruby21-x64/lib/ruby/gems/2.1.0/gems/railties-4.2.1/lib/rails/templates/rails/welcome/index.html.erb (28.0ms)
Completed 200 OK in 265ms (Views: 215.0ms | ActiveRecord: 0.0ms)


Started GET "/" for ::1 at 2015-06-02 23:25:34 +0200
Processing by Rails::WelcomeController#index as HTML
  Rendered C:/Ruby21-x64/lib/ruby/gems/2.1.0/gems/railties-4.2.1/lib/rails/templates/rails/welcome/index.html.erb (28.0ms)
Completed 200 OK in 305ms (Views: 247.0ms | ActiveRecord: 0.0ms)


Started GET "/" for ::1 at 2015-06-12 10:40:47 +0200
Processing by Rails::WelcomeController#index as HTML
  Rendered C:/Ruby21-x64/lib/ruby/gems/2.1.0/gems/railties-4.2.1/lib/rails/templates/rails/welcome/index.html.erb (29.0ms)
Completed 200 OK in 291ms (Views: 198.0ms | ActiveRecord: 0.0ms)


Started GET "/" for ::1 at 2015-06-12 11:40:05 +0200
Processing by Rails::WelcomeController#index as HTML
  Rendered C:/Ruby21-x64/lib/ruby/gems/2.1.0/gems/railties-4.2.1/lib/rails/templates/rails/welcome/index.html.erb (0.0ms)
Completed 200 OK in 4ms (Views: 3.0ms | ActiveRecord: 0.0ms)


Started GET "/articles/new" for ::1 at 2015-06-12 11:41:00 +0200

ActionController::RoutingError (No route matches [GET] "/articles/new"):
  actionpack (4.2.1) lib/action_dispatch/middleware/debug_exceptions.rb:21:in `call'
  web-console (2.1.2) lib/web_console/middleware.rb:37:in `call'
  actionpack (4.2.1) lib/action_dispatch/middleware/show_exceptions.rb:30:in `call'
  railties (4.2.1) lib/rails/rack/logger.rb:38:in `call_app'
  railties (4.2.1) lib/rails/rack/logger.rb:20:in `block in call'
  activesupport (4.2.1) lib/active_support/tagged_logging.rb:68:in `block in tagged'
  activesupport (4.2.1) lib/active_support/tagged_logging.rb:26:in `tagged'
  activesupport (4.2.1) lib/active_support/tagged_logging.rb:68:in `tagged'
  railties (4.2.1) lib/rails/rack/logger.rb:20:in `call'
  actionpack (4.2.1) lib/action_dispatch/middleware/request_id.rb:21:in `call'
  rack (1.6.1) lib/rack/methodoverride.rb:22:in `call'
  rack (1.6.1) lib/rack/runtime.rb:18:in `call'
  activesupport (4.2.1) lib/active_support/cache/strategy/local_cache_middleware.rb:28:in `call'
  rack (1.6.1) lib/rack/lock.rb:17:in `call'
  actionpack (4.2.1) lib/action_dispatch/middleware/static.rb:113:in `call'
  rack (1.6.1) lib/rack/sendfile.rb:113:in `call'
  railties (4.2.1) lib/rails/engine.rb:518:in `call'
  railties (4.2.1) lib/rails/application.rb:164:in `call'
  rack (1.6.1) lib/rack/lock.rb:17:in `call'
  rack (1.6.1) lib/rack/content_length.rb:15:in `call'
  rack (1.6.1) lib/rack/handler/webrick.rb:89:in `service'
  C:/Ruby21-x64/lib/ruby/2.1.0/webrick/httpserver.rb:138:in `service'
  C:/Ruby21-x64/lib/ruby/2.1.0/webrick/httpserver.rb:94:in `run'
  C:/Ruby21-x64/lib/ruby/2.1.0/webrick/server.rb:295:in `block in start_thread'


  Rendered C:/Ruby21-x64/lib/ruby/gems/2.1.0/gems/actionpack-4.2.1/lib/action_dispatch/middleware/templates/rescues/_trace.html.erb (2.0ms)
  Rendered C:/Ruby21-x64/lib/ruby/gems/2.1.0/gems/actionpack-4.2.1/lib/action_dispatch/middleware/templates/routes/_table.html.erb (92.0ms)
  Rendered C:/Ruby21-x64/lib/ruby/gems/2.1.0/gems/actionpack-4.2.1/lib/action_dispatch/middleware/templates/rescues/_request_and_response.html.erb (1.0ms)
  Rendered C:/Ruby21-x64/lib/ruby/gems/2.1.0/gems/actionpack-4.2.1/lib/action_dispatch/middleware/templates/rescues/routing_error.html.erb within rescues/layout (268.0ms)
  Rendered C:/Ruby21-x64/lib/ruby/gems/2.1.0/gems/web-console-2.1.2/lib/web_console/templates/_markup.html.erb (0.0ms)
  Rendered C:/Ruby21-x64/lib/ruby/gems/2.1.0/gems/web-console-2.1.2/lib/web_console/templates/style.css.erb within layouts/inlined_string (1.0ms)
  Rendered C:/Ruby21-x64/lib/ruby/gems/2.1.0/gems/web-console-2.1.2/lib/web_console/templates/_inner_console_markup.html.erb within layouts/inlined_string (0.0ms)
  Rendered C:/Ruby21-x64/lib/ruby/gems/2.1.0/gems/web-console-2.1.2/lib/web_console/templates/_prompt_box_markup.html.erb within layouts/inlined_string (0.0ms)
  Rendered C:/Ruby21-x64/lib/ruby/gems/2.1.0/gems/web-console-2.1.2/lib/web_console/templates/console.js.erb within layouts/javascript (80.0ms)
  Rendered C:/Ruby21-x64/lib/ruby/gems/2.1.0/gems/web-console-2.1.2/lib/web_console/templates/main.js.erb within layouts/javascript (0.0ms)
  Rendered C:/Ruby21-x64/lib/ruby/gems/2.1.0/gems/web-console-2.1.2/lib/web_console/templates/error_page.js.erb within layouts/javascript (0.0ms)
  Rendered C:/Ruby21-x64/lib/ruby/gems/2.1.0/gems/web-console-2.1.2/lib/web_console/templates/index.html.erb (216.0ms)
